<?xml version="1.0" encoding="UTF-8"?>
<testsuites name="Mocha Tests" time="131.649" tests="1" failures="1">
  <testsuite name="Root Suite" timestamp="2023-09-19T13:52:12" tests="0" file="cypress/e2e/regression/product_configurator/product-configurator-textfield-order.e2e-flaky.cy.ts" time="0.000" failures="0">
  </testsuite>
  <testsuite name="Textfield Configuration" timestamp="2023-09-19T13:52:12" tests="0" time="0.000" failures="0">
  </testsuite>
  <testsuite name="Configuration process" timestamp="2023-09-19T13:52:12" tests="1" time="131.646" failures="1">
    <testcase name="Textfield Configuration Configuration process should support configuration aspect in product search, cart, checkout and order history" time="42.069" classname="should support configuration aspect in product search, cart, checkout and order history">
      <failure message="Timed out retrying after 30000ms: Expected to find element: `cx-address-form`, but never found it." type="AssertionError"><![CDATA[AssertionError: Timed out retrying after 30000ms: Expected to find element: `cx-address-form`, but never found it.
    at fillShippingAddress (webpack://storefrontapp-e2e-cypress/./cypress/helpers/checkout-forms.ts:45:5)
    at Object.checkout (webpack://storefrontapp-e2e-cypress/./cypress/helpers/product-configurator-cart-vc.ts:77:22)
    at Object.completeOrderProcess (webpack://storefrontapp-e2e-cypress/./cypress/helpers/product-configurator.ts:542:22)
    at Context.eval (webpack://storefrontapp-e2e-cypress/./cypress/e2e/regression/product_configurator/product-configurator-textfield-order.e2e-flaky.cy.ts:21:20)]]></failure>
    </testcase>
  </testsuite>
</testsuites>